[2026-03-11 10:31:07] [CAM-4] Starting process for source: 0
[2026-03-11 10:31:07] [CAM-4] MediaPipe and Metadata loaded. Attempting to open VideoCapture with CAP_DSHOW...
[2026-03-11 10:31:08] [CAM-4] Source opened. Testing frame read...
[2026-03-11 10:31:08] [CAM-4] Success! Starting main loop with cv2.imshow...
[2026-03-11 10:31:43] [CAM-4] Process terminated and resources released.
[2026-03-11 10:32:02] [CAM-4] Starting process for source: 0
[2026-03-11 10:32:02] [CAM-4] MediaPipe and Metadata loaded. Attempting to open VideoCapture with CAP_DSHOW...
[2026-03-11 10:32:02] [CAM-4] Source opened. Testing frame read...
[2026-03-11 10:32:03] [CAM-4] Success! Starting main loop with cv2.imshow...
[2026-03-11 10:32:20] [CAM-4] Process terminated and resources released.
[2026-03-11 19:19:13] [CAM-4] Starting process for source: 0
[2026-03-11 19:19:16] [CAM-4] MediaPipe and Metadata loaded. Attempting to open VideoCapture with CAP_DSHOW...
[2026-03-11 19:19:16] [CAM-4] Source opened. Testing frame read...
[2026-03-11 19:19:16] [CAM-4] Success! Starting main loop with cv2.imshow...
[2026-03-11 19:19:47] [CAM-4] Process terminated and resources released.
[2026-03-11 19:28:36] [CAM-4] Starting process for source: 0
[2026-03-11 19:28:36] [CAM-4] MediaPipe and Metadata loaded. Attempting to open VideoCapture with CAP_DSHOW...
[2026-03-11 19:28:36] [CAM-4] Source opened. Testing frame read...
[2026-03-11 19:28:36] [CAM-4] Success! Starting main loop with cv2.imshow...
[2026-03-11 19:28:51] [CAM-4] Process terminated and resources released.
[2026-03-11 19:38:59] [CAM-4] Starting process for source: 0
[2026-03-11 19:39:19] [CAM-4] Starting process for source: 0
[2026-03-11 19:39:39] [CAM-4] Starting process for source: 0
[2026-03-11 19:40:37] [CAM-4] Starting process for source: 0
[2026-03-11 19:40:51] [CAM-4] Starting process for source: 0
[2026-03-11 19:41:51] [CAM-4] Starting process for source: 0
[2026-03-11 19:57:00] [CAM-4] Starting process for source: 0
[2026-03-11 19:57:02] [CAM-4] MediaPipe and Metadata loaded. Attempting to open VideoCapture with CAP_DSHOW...
[2026-03-11 19:57:02] [CAM-4] Source opened. Testing frame read...
[2026-03-11 19:57:03] [CAM-4] Success! Starting main loop with cv2.imshow...
[2026-03-11 19:57:16] [CAM-4] Process terminated and resources released.
[2026-03-11 23:57:15] [CAM-7] Starting process for source: 0
[2026-03-11 23:57:18] [CAM-7] MediaPipe and Metadata loaded. Attempting to open VideoCapture with CAP_DSHOW...
[2026-03-11 23:57:18] [CAM-7] Source opened. Testing frame read...
[2026-03-11 23:57:18] [CAM-7] Success! Starting main loop with cv2.imshow...
[2026-03-11 23:57:35] [CAM-7] Process terminated and resources released.
[2026-03-12 00:05:58] [CAM-7] Starting process for source: 0
[2026-03-12 00:09:36] [CAM-7] Starting process for source: 0
[2026-03-12 00:10:55] [CAM-7] Starting process for source: 0
[2026-03-12 00:10:58] [CAM-7] MediaPipe and Metadata loaded. Attempting to open VideoCapture with CAP_DSHOW...
[2026-03-12 00:10:58] [CAM-7] Source opened. Testing frame read...
[2026-03-12 00:10:58] [CAM-7] Success! Starting main loop with cv2.imshow...
[2026-03-12 00:11:24] [CAM-7] Process terminated and resources released.
[2026-03-12 00:44:01] [CAM-7] Starting process for source: 0
[2026-03-12 00:44:03] [CAM-7] MediaPipe and Metadata loaded. Attempting to open VideoCapture with CAP_DSHOW...
[2026-03-12 00:44:04] [CAM-7] Source opened. Testing frame read...
[2026-03-12 00:44:04] [CAM-7] Success! Starting main loop with cv2.imshow...
[2026-03-12 00:44:21] [CAM-7] Process terminated and resources released.
[2026-03-12 00:45:03] [CAM-7] Starting process for source: 0
[2026-03-12 00:45:05] [CAM-7] MediaPipe and Metadata loaded. Attempting to open VideoCapture with CAP_DSHOW...
[2026-03-12 00:45:06] [CAM-7] Source opened. Testing frame read...
[2026-03-12 00:45:06] [CAM-7] Success! Starting main loop with cv2.imshow...
[2026-03-12 00:45:31] [CAM-7] Process terminated and resources released.
[2026-03-12 05:49:48] [CAM-7] Starting process for source: 0
